<?xml version="1.0" encoding="UTF-8"?>
<!-- Generated by org.testng.reporters.JUnitReportReporter -->
<testsuite hostname="GaneshThanneru" failures="0" tests="1" name="tests.NewTest" time="0.013" errors="0" timestamp="2025-02-13T23:12:16 IST" skipped="0">
  <testcase classname="tests.NewTest" name="test" time="0.013"/>
  <system-out/>
</testsuite> <!-- tests.NewTest -->
