<?xml version="1.0" encoding="UTF-8"?>
<!-- Generated by org.testng.reporters.JUnitReportReporter -->
<testsuite hostname="GaneshThanneru" failures="0" tests="5" name="tests.ItemPageTests" time="42.374" errors="0" timestamp="2025-02-15T03:36:55 IST" skipped="0">
  <testcase classname="tests.ItemPageTests" name="item_page_navigation_tests" time="8.980"/>
  <system-out/>
  <testcase classname="tests.ItemPageTests" name="item_details_visibility_tests" time="6.849"/>
  <system-out/>
  <testcase classname="tests.ItemPageTests" name="item_page_navigation_tests" time="8.300"/>
  <system-out/>
  <testcase classname="tests.ItemPageTests" name="item_page_navigation_tests" time="9.572"/>
  <system-out/>
  <testcase classname="tests.ItemPageTests" name="item_details_visibility_tests" time="8.673"/>
  <system-out/>
</testsuite> <!-- tests.ItemPageTests -->
