<?xml version="1.0" encoding="UTF-8"?>
<!-- Generated by org.testng.reporters.JUnitReportReporter -->
<testsuite hostname="GaneshThanneru" failures="0" tests="3" name="tests.Login_Test" time="20.176" errors="0" timestamp="2025-02-15T03:36:55 IST" skipped="0">
  <testcase classname="tests.Login_Test" name="login_tests" time="8.850"/>
  <system-out/>
  <testcase classname="tests.Login_Test" name="login_tests" time="4.788"/>
  <system-out/>
  <testcase classname="tests.Login_Test" name="login_tests" time="6.538"/>
  <system-out/>
</testsuite> <!-- tests.Login_Test -->
