<?xml version="1.0" encoding="UTF-8"?>
<!-- Generated by org.testng.reporters.JUnitReportReporter -->
<testsuite hostname="ganesh" failures="0" tests="1" name="tests.TEst" time="4.536" errors="0" timestamp="2025-02-08T18:27:31 IST" skipped="0">
  <testcase classname="tests.TEst" name="test" time="4.536"/>
</testsuite> <!-- tests.TEst -->
