<?xml version="1.0" encoding="UTF-8"?>
<!-- Generated by org.testng.reporters.JUnitReportReporter -->
<testsuite hostname="GaneshThanneru" failures="0" tests="5" name="tests.ItemPageTests" time="37.057" errors="0" timestamp="2025-02-15T15:39:07 IST" skipped="0">
  <testcase classname="tests.ItemPageTests" name="item_page_navigation_tests" time="7.279"/>
  <testcase classname="tests.ItemPageTests" name="item_details_visibility_tests" time="7.828"/>
  <testcase classname="tests.ItemPageTests" name="item_page_navigation_tests" time="7.168"/>
  <testcase classname="tests.ItemPageTests" name="item_details_visibility_tests" time="7.659"/>
  <testcase classname="tests.ItemPageTests" name="item_page_navigation_tests" time="7.123"/>
</testsuite> <!-- tests.ItemPageTests -->
