<?xml version="1.0" encoding="UTF-8"?>
<!-- Generated by org.testng.reporters.JUnitReportReporter -->
<testsuite hostname="GaneshThanneru" failures="0" tests="3" name="tests.Login_Test" time="17.410" errors="0" timestamp="2025-02-15T15:39:07 IST" skipped="0">
  <testcase classname="tests.Login_Test" name="login_tests" time="6.063"/>
  <testcase classname="tests.Login_Test" name="login_tests" time="5.634"/>
  <testcase classname="tests.Login_Test" name="login_tests" time="5.713"/>
</testsuite> <!-- tests.Login_Test -->
