<?xml version="1.0" encoding="UTF-8"?>
<!-- Generated by org.testng.reporters.JUnitReportReporter -->
<testsuite hostname="GaneshThanneru" failures="0" tests="3" name="tests.EmailFriend_Tests" time="38.887" errors="0" timestamp="2025-02-15T15:39:07 IST" skipped="0">
  <testcase classname="tests.EmailFriend_Tests" name="email_friend_tests" time="16.307"/>
  <testcase classname="tests.EmailFriend_Tests" name="email_friend_tests" time="10.497"/>
  <testcase classname="tests.EmailFriend_Tests" name="email_friend_tests" time="12.083"/>
</testsuite> <!-- tests.EmailFriend_Tests -->
